<?xml version="1.0" encoding="UTF-8"?>
<!-- Generated by org.testng.reporters.JUnitXMLReporter -->
<testsuite hostname="Auznali-2.local" ignored="0" name="Sign up new user" tests="12" failures="1" timestamp="18 Mar 2018 01:06:30 GMT" time="11.541" errors="0">
  <testcase name="birthDayEmpty" time="0.167" classname="TestsSignUpPage.RequiredFields"/>
  <testcase name="birthMonthEmpty" time="0.133" classname="TestsSignUpPage.RequiredFields"/>
  <testcase name="birthYearEmpty" time="0.101" classname="TestsSignUpPage.RequiredFields"/>
  <testcase name="eMailEmpty" time="0.13" classname="TestsSignUpPage.RequiredFields"/>
  <testcase name="firstNameEmpty" time="0.132" classname="TestsSignUpPage.RequiredFields"/>
  <testcase name="genderEmpty" time="0.103" classname="TestsSignUpPage.RequiredFields"/>
  <testcase name="lastNameEmpty" time="0.089" classname="TestsSignUpPage.RequiredFields"/>
  <testcase name="passAgainEmpty" time="0.092" classname="TestsSignUpPage.RequiredFields"/>
  <testcase name="passEmpty" time="0.107" classname="TestsSignUpPage.RequiredFields"/>
  <testcase name="failTest" time="0.008" classname="extentReports.ExtentReportsClassVersion3">
    <failure type="java.lang.AssertionError" message="expected [true] but found [false]">
      <![CDATA[java.lang.AssertionError: expected [true] but found [false]
at extentReports.ExtentReportsClassVersion3.failTest(ExtentReportsClassVersion3.java:55)
... Removed 33 stack frames]]>
    </failure>
  </testcase> <!-- failTest -->
  <testcase name="passTest" time="0.001" classname="extentReports.ExtentReportsClassVersion3"/>
  <testcase name="skipTest" time="0.0" classname="extentReports.ExtentReportsClassVersion3">
    <skipped/>
  </testcase> <!-- skipTest -->
</testsuite> <!-- Sign up new user -->
