<!DOCTYPE html PUBLIC "-//W3C//DTD XHTML 1.1//EN" "http://www.w3.org/TR/xhtml11/DTD/xhtml11.dtd">
<html xmlns="http://www.w3.org/1999/xhtml"><head><title>TestNG Report</title><style type="text/css">table {margin-bottom:10px;border-collapse:collapse;empty-cells:show}th,td {border:1px solid #009;padding:.25em .5em}th {vertical-align:bottom}td {vertical-align:top}table a {font-weight:bold}.stripe td {background-color: #E6EBF9}.num {text-align:right}.passedodd td {background-color: #3F3}.passedeven td {background-color: #0A0}.skippedodd td {background-color: #DDD}.skippedeven td {background-color: #CCC}.failedodd td,.attn {background-color: #F33}.failedeven td,.stripe .attn {background-color: #D00}.stacktrace {white-space:pre;font-family:monospace}.totop {font-size:85%;text-align:center;border-bottom:2px solid #000}</style></head><body><table><tr><th>Test</th><th># Passed</th><th># Skipped</th><th># Failed</th><th>Time (ms)</th><th>Included Groups</th><th>Excluded Groups</th></tr><tr><th colspan="7">AutoContentVerification</th></tr><tr><td><a href="#t0">Sign up new user</a></td><td class="num">3</td><td class="num">0</td><td class="num attn">11</td><td class="num">128,867</td><td></td><td></td></tr></table><table><thead><tr><th>Class</th><th>Method</th><th>Start</th><th>Time (ms)</th></tr></thead><tbody><tr><th colspan="4">AutoContentVerification</th></tr></tbody><tbody id="t0"><tr><th colspan="4">Sign up new user &#8212; failed</th></tr><tr class="failedeven"><td rowspan="11">TestsSignUpPage.EmailVerification</td><td><a href="#m0">dashUname</a></td><td rowspan="1">1522019055620</td><td rowspan="1">11200</td></tr><tr class="failedeven"><td><a href="#m1">digitsUname</a></td><td rowspan="1">1522019066840</td><td rowspan="1">11157</td></tr><tr class="failedeven"><td><a href="#m2">dotUname</a></td><td rowspan="1">1522019077998</td><td rowspan="1">10760</td></tr><tr class="failedeven"><td><a href="#m3">dotsUname</a></td><td rowspan="1">1522019088759</td><td rowspan="1">10872</td></tr><tr class="failedeven"><td><a href="#m4">lastDotUname</a></td><td rowspan="1">1522019100844</td><td rowspan="1">10958</td></tr><tr class="failedeven"><td><a href="#m5">plusUname</a></td><td rowspan="1">1522019111806</td><td rowspan="1">11198</td></tr><tr class="failedeven"><td><a href="#m6">specCharsUname</a></td><td rowspan="1">1522019123006</td><td rowspan="1">5124</td></tr><tr class="failedeven"><td><a href="#m7">twoWordsUname</a></td><td rowspan="1">1522019128131</td><td rowspan="1">10972</td></tr><tr class="failedeven"><td><a href="#m8">underscoreUname</a></td><td rowspan="1">1522019139105</td><td rowspan="1">11365</td></tr><tr class="failedeven"><td><a href="#m9">unicodeUname</a></td><td rowspan="1">1522019150477</td><td rowspan="1">11319</td></tr><tr class="failedeven"><td><a href="#m10">wSpacesUname</a></td><td rowspan="1">1522019161797</td><td rowspan="1">11432</td></tr><tr><th colspan="4">Sign up new user &#8212; passed</th></tr><tr class="passedeven"><td rowspan="3">TestsSignUpPage.EmailVerification</td><td><a href="#m11">capitalUname</a></td><td rowspan="1">1522019053001</td><td rowspan="1">1315</td></tr><tr class="passedeven"><td><a href="#m12">correctUname</a></td><td rowspan="1">1522019054318</td><td rowspan="1">1302</td></tr><tr class="passedeven"><td><a href="#m13">firstDotUname</a></td><td rowspan="1">1522019099632</td><td rowspan="1">1212</td></tr></tbody></table><h2>Sign up new user</h2><h3 id="m0">TestsSignUpPage.EmailVerification#dashUname</h3><table class="result"><tr class="param"><th>Parameter #1</th><th>Parameter #2</th></tr><tr class="param stripe"><td>firstname-lastname</td><td>Please use only letters (a-z), numbers, and periods.</td></tr><tr><th colspan="2">Exception</th></tr><tr><td colspan="2"><div class="stacktrace">org.openqa.selenium.TimeoutException: Expected condition failed: waiting for visibility of [[FirefoxDriver: firefox on MAC (44f54afb-a756-904e-b268-8232245310d0)] -&gt; css selector: span#errormsg_0_GmailAddress.errormsg] (tried for 10 second(s) with 500 MILLISECONDS interval)
Build info: version: &apos;3.10.0&apos;, revision: &apos;176b4a9&apos;, time: &apos;2018-03-02T19:03:16.397Z&apos;
System info: host: &apos;Auznali.LobbyWAP&apos;, ip: &apos;fe80:0:0:0:2acf:e9ff:fe50:9c01%en0&apos;, os.name: &apos;Mac OS X&apos;, os.arch: &apos;x86_64&apos;, os.version: &apos;10.10.5&apos;, java.version: &apos;1.8.0_161&apos;
Driver info: org.openqa.selenium.firefox.FirefoxDriver
Capabilities {acceptInsecureCerts: true, browserName: firefox, browserVersion: 59.0, javascriptEnabled: true, moz:accessibilityChecks: false, moz:headless: false, moz:processID: 3395, moz:profile: /var/folders/k2/zqt4_dg1303..., moz:useNonSpecCompliantPointerOrigin: false, moz:webdriverClick: true, pageLoadStrategy: normal, platform: MAC, platformName: MAC, platformVersion: 14.5.0, rotatable: false, timeouts: {implicit: 0, pageLoad: 300000, script: 30000}}
Session ID: 44f54afb-a756-904e-b268-8232245310d0
	at org.openqa.selenium.support.ui.WebDriverWait.timeoutException(WebDriverWait.java:80)
	at org.openqa.selenium.support.ui.FluentWait.until(FluentWait.java:232)
	at Pages.SignUpPage.validUname(SignUpPage.java:234)
	at TestsSignUpPage.EmailVerification.dashUname(EmailVerification.java:115)
... Removed 28 stack frames</div></td></tr></table><p class="totop"><a href="#summary">back to summary</a></p><h3 id="m1">TestsSignUpPage.EmailVerification#digitsUname</h3><table class="result"><tr class="param"><th>Parameter #1</th><th>Parameter #2</th></tr><tr class="param stripe"><td>123456</td><td>That username is taken. Try another.</td></tr><tr><th colspan="2">Exception</th></tr><tr><td colspan="2"><div class="stacktrace">org.openqa.selenium.TimeoutException: Expected condition failed: waiting for visibility of [[FirefoxDriver: firefox on MAC (44f54afb-a756-904e-b268-8232245310d0)] -&gt; css selector: span#errormsg_0_GmailAddress.errormsg] (tried for 10 second(s) with 500 MILLISECONDS interval)
Build info: version: &apos;3.10.0&apos;, revision: &apos;176b4a9&apos;, time: &apos;2018-03-02T19:03:16.397Z&apos;
System info: host: &apos;Auznali.LobbyWAP&apos;, ip: &apos;fe80:0:0:0:2acf:e9ff:fe50:9c01%en0&apos;, os.name: &apos;Mac OS X&apos;, os.arch: &apos;x86_64&apos;, os.version: &apos;10.10.5&apos;, java.version: &apos;1.8.0_161&apos;
Driver info: org.openqa.selenium.firefox.FirefoxDriver
Capabilities {acceptInsecureCerts: true, browserName: firefox, browserVersion: 59.0, javascriptEnabled: true, moz:accessibilityChecks: false, moz:headless: false, moz:processID: 3395, moz:profile: /var/folders/k2/zqt4_dg1303..., moz:useNonSpecCompliantPointerOrigin: false, moz:webdriverClick: true, pageLoadStrategy: normal, platform: MAC, platformName: MAC, platformVersion: 14.5.0, rotatable: false, timeouts: {implicit: 0, pageLoad: 300000, script: 30000}}
Session ID: 44f54afb-a756-904e-b268-8232245310d0
	at org.openqa.selenium.support.ui.WebDriverWait.timeoutException(WebDriverWait.java:80)
	at org.openqa.selenium.support.ui.FluentWait.until(FluentWait.java:232)
	at Pages.SignUpPage.validUname(SignUpPage.java:234)
	at TestsSignUpPage.EmailVerification.digitsUname(EmailVerification.java:95)
... Removed 28 stack frames</div></td></tr></table><p class="totop"><a href="#summary">back to summary</a></p><h3 id="m2">TestsSignUpPage.EmailVerification#dotUname</h3><table class="result"><tr class="param"><th>Parameter #1</th><th>Parameter #2</th></tr><tr class="param stripe"><td>my.email</td><td>Someone already has that username. Note that we ignore periods and capitalization in usernames. Try another?</td></tr><tr><th colspan="2">Exception</th></tr><tr><td colspan="2"><div class="stacktrace">org.openqa.selenium.TimeoutException: Expected condition failed: waiting for visibility of [[FirefoxDriver: firefox on MAC (44f54afb-a756-904e-b268-8232245310d0)] -&gt; css selector: span#errormsg_0_GmailAddress.errormsg] (tried for 10 second(s) with 500 MILLISECONDS interval)
Build info: version: &apos;3.10.0&apos;, revision: &apos;176b4a9&apos;, time: &apos;2018-03-02T19:03:16.397Z&apos;
System info: host: &apos;Auznali.LobbyWAP&apos;, ip: &apos;fe80:0:0:0:2acf:e9ff:fe50:9c01%en0&apos;, os.name: &apos;Mac OS X&apos;, os.arch: &apos;x86_64&apos;, os.version: &apos;10.10.5&apos;, java.version: &apos;1.8.0_161&apos;
Driver info: org.openqa.selenium.firefox.FirefoxDriver
Capabilities {acceptInsecureCerts: true, browserName: firefox, browserVersion: 59.0, javascriptEnabled: true, moz:accessibilityChecks: false, moz:headless: false, moz:processID: 3395, moz:profile: /var/folders/k2/zqt4_dg1303..., moz:useNonSpecCompliantPointerOrigin: false, moz:webdriverClick: true, pageLoadStrategy: normal, platform: MAC, platformName: MAC, platformVersion: 14.5.0, rotatable: false, timeouts: {implicit: 0, pageLoad: 300000, script: 30000}}
Session ID: 44f54afb-a756-904e-b268-8232245310d0
	at org.openqa.selenium.support.ui.WebDriverWait.timeoutException(WebDriverWait.java:80)
	at org.openqa.selenium.support.ui.FluentWait.until(FluentWait.java:232)
	at Pages.SignUpPage.validUname(SignUpPage.java:234)
	at TestsSignUpPage.EmailVerification.dotUname(EmailVerification.java:83)
... Removed 28 stack frames</div></td></tr></table><p class="totop"><a href="#summary">back to summary</a></p><h3 id="m3">TestsSignUpPage.EmailVerification#dotsUname</h3><table class="result"><tr class="param"><th>Parameter #1</th><th>Parameter #2</th></tr><tr class="param stripe"><td>myemail..myemail</td><td>A fan of punctuation! Alas, usernames can&apos;t have consecutive periods.</td></tr><tr><th colspan="2">Exception</th></tr><tr><td colspan="2"><div class="stacktrace">org.openqa.selenium.TimeoutException: Expected condition failed: waiting for visibility of [[FirefoxDriver: firefox on MAC (44f54afb-a756-904e-b268-8232245310d0)] -&gt; css selector: span#errormsg_0_GmailAddress.errormsg] (tried for 10 second(s) with 500 MILLISECONDS interval)
Build info: version: &apos;3.10.0&apos;, revision: &apos;176b4a9&apos;, time: &apos;2018-03-02T19:03:16.397Z&apos;
System info: host: &apos;Auznali.LobbyWAP&apos;, ip: &apos;fe80:0:0:0:2acf:e9ff:fe50:9c01%en0&apos;, os.name: &apos;Mac OS X&apos;, os.arch: &apos;x86_64&apos;, os.version: &apos;10.10.5&apos;, java.version: &apos;1.8.0_161&apos;
Driver info: org.openqa.selenium.firefox.FirefoxDriver
Capabilities {acceptInsecureCerts: true, browserName: firefox, browserVersion: 59.0, javascriptEnabled: true, moz:accessibilityChecks: false, moz:headless: false, moz:processID: 3395, moz:profile: /var/folders/k2/zqt4_dg1303..., moz:useNonSpecCompliantPointerOrigin: false, moz:webdriverClick: true, pageLoadStrategy: normal, platform: MAC, platformName: MAC, platformVersion: 14.5.0, rotatable: false, timeouts: {implicit: 0, pageLoad: 300000, script: 30000}}
Session ID: 44f54afb-a756-904e-b268-8232245310d0
	at org.openqa.selenium.support.ui.WebDriverWait.timeoutException(WebDriverWait.java:80)
	at org.openqa.selenium.support.ui.FluentWait.until(FluentWait.java:232)
	at Pages.SignUpPage.validUname(SignUpPage.java:234)
	at TestsSignUpPage.EmailVerification.dotsUname(EmailVerification.java:145)
... Removed 28 stack frames</div></td></tr></table><p class="totop"><a href="#summary">back to summary</a></p><h3 id="m4">TestsSignUpPage.EmailVerification#lastDotUname</h3><table class="result"><tr class="param"><th>Parameter #1</th><th>Parameter #2</th></tr><tr class="param stripe"><td>myemail.</td><td>The last character of your username should be a letter (a-z) or number.</td></tr><tr><th colspan="2">Exception</th></tr><tr><td colspan="2"><div class="stacktrace">org.openqa.selenium.TimeoutException: Expected condition failed: waiting for visibility of [[FirefoxDriver: firefox on MAC (44f54afb-a756-904e-b268-8232245310d0)] -&gt; css selector: span#errormsg_0_GmailAddress.errormsg] (tried for 10 second(s) with 500 MILLISECONDS interval)
Build info: version: &apos;3.10.0&apos;, revision: &apos;176b4a9&apos;, time: &apos;2018-03-02T19:03:16.397Z&apos;
System info: host: &apos;Auznali.LobbyWAP&apos;, ip: &apos;fe80:0:0:0:2acf:e9ff:fe50:9c01%en0&apos;, os.name: &apos;Mac OS X&apos;, os.arch: &apos;x86_64&apos;, os.version: &apos;10.10.5&apos;, java.version: &apos;1.8.0_161&apos;
Driver info: org.openqa.selenium.firefox.FirefoxDriver
Capabilities {acceptInsecureCerts: true, browserName: firefox, browserVersion: 59.0, javascriptEnabled: true, moz:accessibilityChecks: false, moz:headless: false, moz:processID: 3395, moz:profile: /var/folders/k2/zqt4_dg1303..., moz:useNonSpecCompliantPointerOrigin: false, moz:webdriverClick: true, pageLoadStrategy: normal, platform: MAC, platformName: MAC, platformVersion: 14.5.0, rotatable: false, timeouts: {implicit: 0, pageLoad: 300000, script: 30000}}
Session ID: 44f54afb-a756-904e-b268-8232245310d0
	at org.openqa.selenium.support.ui.WebDriverWait.timeoutException(WebDriverWait.java:80)
	at org.openqa.selenium.support.ui.FluentWait.until(FluentWait.java:232)
	at Pages.SignUpPage.validUname(SignUpPage.java:234)
	at TestsSignUpPage.EmailVerification.lastDotUname(EmailVerification.java:139)
... Removed 28 stack frames</div></td></tr></table><p class="totop"><a href="#summary">back to summary</a></p><h3 id="m5">TestsSignUpPage.EmailVerification#plusUname</h3><table class="result"><tr class="param"><th>Parameter #1</th><th>Parameter #2</th></tr><tr class="param stripe"><td>firstname+lastname</td><td>Please use only letters (a-z), numbers, and periods.</td></tr><tr><th colspan="2">Exception</th></tr><tr><td colspan="2"><div class="stacktrace">org.openqa.selenium.TimeoutException: Expected condition failed: waiting for visibility of [[FirefoxDriver: firefox on MAC (44f54afb-a756-904e-b268-8232245310d0)] -&gt; css selector: span#errormsg_0_GmailAddress.errormsg] (tried for 10 second(s) with 500 MILLISECONDS interval)
Build info: version: &apos;3.10.0&apos;, revision: &apos;176b4a9&apos;, time: &apos;2018-03-02T19:03:16.397Z&apos;
System info: host: &apos;Auznali.LobbyWAP&apos;, ip: &apos;fe80:0:0:0:2acf:e9ff:fe50:9c01%en0&apos;, os.name: &apos;Mac OS X&apos;, os.arch: &apos;x86_64&apos;, os.version: &apos;10.10.5&apos;, java.version: &apos;1.8.0_161&apos;
Driver info: org.openqa.selenium.firefox.FirefoxDriver
Capabilities {acceptInsecureCerts: true, browserName: firefox, browserVersion: 59.0, javascriptEnabled: true, moz:accessibilityChecks: false, moz:headless: false, moz:processID: 3395, moz:profile: /var/folders/k2/zqt4_dg1303..., moz:useNonSpecCompliantPointerOrigin: false, moz:webdriverClick: true, pageLoadStrategy: normal, platform: MAC, platformName: MAC, platformVersion: 14.5.0, rotatable: false, timeouts: {implicit: 0, pageLoad: 300000, script: 30000}}
Session ID: 44f54afb-a756-904e-b268-8232245310d0
	at org.openqa.selenium.support.ui.WebDriverWait.timeoutException(WebDriverWait.java:80)
	at org.openqa.selenium.support.ui.FluentWait.until(FluentWait.java:232)
	at Pages.SignUpPage.validUname(SignUpPage.java:234)
	at TestsSignUpPage.EmailVerification.plusUname(EmailVerification.java:109)
... Removed 28 stack frames</div></td></tr></table><p class="totop"><a href="#summary">back to summary</a></p><h3 id="m6">TestsSignUpPage.EmailVerification#specCharsUname</h3><table class="result"><tr class="param"><th>Parameter #1</th><th>Parameter #2</th></tr><tr class="param stripe"><td>!@#$%^*()</td><td>Please use only letters (a-z), numbers, and periods.</td></tr><tr><th colspan="2">Exception</th></tr><tr><td colspan="2"><div class="stacktrace">java.lang.AssertionError
	at org.junit.Assert.fail(Assert.java:86)
	at org.junit.Assert.assertTrue(Assert.java:41)
	at org.junit.Assert.assertTrue(Assert.java:52)
	at Pages.SignUpPage.validUname(SignUpPage.java:246)
	at TestsSignUpPage.EmailVerification.specCharsUname(EmailVerification.java:127)
... Removed 28 stack frames</div></td></tr></table><p class="totop"><a href="#summary">back to summary</a></p><h3 id="m7">TestsSignUpPage.EmailVerification#twoWordsUname</h3><table class="result"><tr class="param"><th>Parameter #1</th><th>Parameter #2</th></tr><tr class="param stripe"><td>email (Joe Smith)</td><td>Please use only letters (a-z), numbers, and periods.</td></tr><tr><th colspan="2">Exception</th></tr><tr><td colspan="2"><div class="stacktrace">org.openqa.selenium.TimeoutException: Expected condition failed: waiting for visibility of [[FirefoxDriver: firefox on MAC (44f54afb-a756-904e-b268-8232245310d0)] -&gt; css selector: span#errormsg_0_GmailAddress.errormsg] (tried for 10 second(s) with 500 MILLISECONDS interval)
Build info: version: &apos;3.10.0&apos;, revision: &apos;176b4a9&apos;, time: &apos;2018-03-02T19:03:16.397Z&apos;
System info: host: &apos;Auznali.LobbyWAP&apos;, ip: &apos;fe80:0:0:0:2acf:e9ff:fe50:9c01%en0&apos;, os.name: &apos;Mac OS X&apos;, os.arch: &apos;x86_64&apos;, os.version: &apos;10.10.5&apos;, java.version: &apos;1.8.0_161&apos;
Driver info: org.openqa.selenium.firefox.FirefoxDriver
Capabilities {acceptInsecureCerts: true, browserName: firefox, browserVersion: 59.0, javascriptEnabled: true, moz:accessibilityChecks: false, moz:headless: false, moz:processID: 3395, moz:profile: /var/folders/k2/zqt4_dg1303..., moz:useNonSpecCompliantPointerOrigin: false, moz:webdriverClick: true, pageLoadStrategy: normal, platform: MAC, platformName: MAC, platformVersion: 14.5.0, rotatable: false, timeouts: {implicit: 0, pageLoad: 300000, script: 30000}}
Session ID: 44f54afb-a756-904e-b268-8232245310d0
	at org.openqa.selenium.support.ui.WebDriverWait.timeoutException(WebDriverWait.java:80)
	at org.openqa.selenium.support.ui.FluentWait.until(FluentWait.java:232)
	at Pages.SignUpPage.validUname(SignUpPage.java:234)
	at TestsSignUpPage.EmailVerification.twoWordsUname(EmailVerification.java:157)
... Removed 28 stack frames</div></td></tr></table><p class="totop"><a href="#summary">back to summary</a></p><h3 id="m8">TestsSignUpPage.EmailVerification#underscoreUname</h3><table class="result"><tr class="param"><th>Parameter #1</th><th>Parameter #2</th></tr><tr class="param stripe"><td>_______</td><td>Please use only letters (a-z), numbers, and periods.</td></tr><tr><th colspan="2">Exception</th></tr><tr><td colspan="2"><div class="stacktrace">org.openqa.selenium.TimeoutException: Expected condition failed: waiting for visibility of [[FirefoxDriver: firefox on MAC (44f54afb-a756-904e-b268-8232245310d0)] -&gt; css selector: span#errormsg_0_GmailAddress.errormsg] (tried for 10 second(s) with 500 MILLISECONDS interval)
Build info: version: &apos;3.10.0&apos;, revision: &apos;176b4a9&apos;, time: &apos;2018-03-02T19:03:16.397Z&apos;
System info: host: &apos;Auznali.LobbyWAP&apos;, ip: &apos;fe80:0:0:0:2acf:e9ff:fe50:9c01%en0&apos;, os.name: &apos;Mac OS X&apos;, os.arch: &apos;x86_64&apos;, os.version: &apos;10.10.5&apos;, java.version: &apos;1.8.0_161&apos;
Driver info: org.openqa.selenium.firefox.FirefoxDriver
Capabilities {acceptInsecureCerts: true, browserName: firefox, browserVersion: 59.0, javascriptEnabled: true, moz:accessibilityChecks: false, moz:headless: false, moz:processID: 3395, moz:profile: /var/folders/k2/zqt4_dg1303..., moz:useNonSpecCompliantPointerOrigin: false, moz:webdriverClick: true, pageLoadStrategy: normal, platform: MAC, platformName: MAC, platformVersion: 14.5.0, rotatable: false, timeouts: {implicit: 0, pageLoad: 300000, script: 30000}}
Session ID: 44f54afb-a756-904e-b268-8232245310d0
	at org.openqa.selenium.support.ui.WebDriverWait.timeoutException(WebDriverWait.java:80)
	at org.openqa.selenium.support.ui.FluentWait.until(FluentWait.java:232)
	at Pages.SignUpPage.validUname(SignUpPage.java:234)
	at TestsSignUpPage.EmailVerification.underscoreUname(EmailVerification.java:121)
... Removed 28 stack frames</div></td></tr></table><p class="totop"><a href="#summary">back to summary</a></p><h3 id="m9">TestsSignUpPage.EmailVerification#unicodeUname</h3><table class="result"><tr class="param"><th>Parameter #1</th><th>Parameter #2</th></tr><tr class="param stripe"><td>あいうえお</td><td>Please use only letters (a-z), numbers, and periods.</td></tr><tr><th colspan="2">Exception</th></tr><tr><td colspan="2"><div class="stacktrace">org.openqa.selenium.TimeoutException: Expected condition failed: waiting for visibility of [[FirefoxDriver: firefox on MAC (44f54afb-a756-904e-b268-8232245310d0)] -&gt; css selector: span#errormsg_0_GmailAddress.errormsg] (tried for 10 second(s) with 500 MILLISECONDS interval)
Build info: version: &apos;3.10.0&apos;, revision: &apos;176b4a9&apos;, time: &apos;2018-03-02T19:03:16.397Z&apos;
System info: host: &apos;Auznali.LobbyWAP&apos;, ip: &apos;fe80:0:0:0:2acf:e9ff:fe50:9c01%en0&apos;, os.name: &apos;Mac OS X&apos;, os.arch: &apos;x86_64&apos;, os.version: &apos;10.10.5&apos;, java.version: &apos;1.8.0_161&apos;
Driver info: org.openqa.selenium.firefox.FirefoxDriver
Capabilities {acceptInsecureCerts: true, browserName: firefox, browserVersion: 59.0, javascriptEnabled: true, moz:accessibilityChecks: false, moz:headless: false, moz:processID: 3395, moz:profile: /var/folders/k2/zqt4_dg1303..., moz:useNonSpecCompliantPointerOrigin: false, moz:webdriverClick: true, pageLoadStrategy: normal, platform: MAC, platformName: MAC, platformVersion: 14.5.0, rotatable: false, timeouts: {implicit: 0, pageLoad: 300000, script: 30000}}
Session ID: 44f54afb-a756-904e-b268-8232245310d0
	at org.openqa.selenium.support.ui.WebDriverWait.timeoutException(WebDriverWait.java:80)
	at org.openqa.selenium.support.ui.FluentWait.until(FluentWait.java:232)
	at Pages.SignUpPage.validUname(SignUpPage.java:234)
	at TestsSignUpPage.EmailVerification.unicodeUname(EmailVerification.java:151)
... Removed 28 stack frames</div></td></tr></table><p class="totop"><a href="#summary">back to summary</a></p><h3 id="m10">TestsSignUpPage.EmailVerification#wSpacesUname</h3><table class="result"><tr class="param"><th>Parameter #1</th><th>Parameter #2</th></tr><tr class="param stripe"><td>   myemail   </td><td>That username is taken. Try another.</td></tr><tr><th colspan="2">Exception</th></tr><tr><td colspan="2"><div class="stacktrace">org.openqa.selenium.TimeoutException: Expected condition failed: waiting for visibility of [[FirefoxDriver: firefox on MAC (44f54afb-a756-904e-b268-8232245310d0)] -&gt; css selector: span#errormsg_0_GmailAddress.errormsg] (tried for 10 second(s) with 500 MILLISECONDS interval)
Build info: version: &apos;3.10.0&apos;, revision: &apos;176b4a9&apos;, time: &apos;2018-03-02T19:03:16.397Z&apos;
System info: host: &apos;Auznali.LobbyWAP&apos;, ip: &apos;fe80:0:0:0:2acf:e9ff:fe50:9c01%en0&apos;, os.name: &apos;Mac OS X&apos;, os.arch: &apos;x86_64&apos;, os.version: &apos;10.10.5&apos;, java.version: &apos;1.8.0_161&apos;
Driver info: org.openqa.selenium.firefox.FirefoxDriver
Capabilities {acceptInsecureCerts: true, browserName: firefox, browserVersion: 59.0, javascriptEnabled: true, moz:accessibilityChecks: false, moz:headless: false, moz:processID: 3395, moz:profile: /var/folders/k2/zqt4_dg1303..., moz:useNonSpecCompliantPointerOrigin: false, moz:webdriverClick: true, pageLoadStrategy: normal, platform: MAC, platformName: MAC, platformVersion: 14.5.0, rotatable: false, timeouts: {implicit: 0, pageLoad: 300000, script: 30000}}
Session ID: 44f54afb-a756-904e-b268-8232245310d0
	at org.openqa.selenium.support.ui.WebDriverWait.timeoutException(WebDriverWait.java:80)
	at org.openqa.selenium.support.ui.FluentWait.until(FluentWait.java:232)
	at Pages.SignUpPage.validUname(SignUpPage.java:234)
	at TestsSignUpPage.EmailVerification.wSpacesUname(EmailVerification.java:101)
... Removed 28 stack frames</div></td></tr></table><p class="totop"><a href="#summary">back to summary</a></p><h3 id="m11">TestsSignUpPage.EmailVerification#capitalUname</h3><table class="result"><tr class="param"><th>Parameter #1</th><th>Parameter #2</th></tr><tr class="param stripe"><td>MYEMAIL</td><td>Someone already has that username. Note that we ignore periods and capitalization in usernames. Try another?</td></tr></table><p class="totop"><a href="#summary">back to summary</a></p><h3 id="m12">TestsSignUpPage.EmailVerification#correctUname</h3><table class="result"><tr class="param"><th>Parameter #1</th><th>Parameter #2</th></tr><tr class="param stripe"><td>myemail</td><td>That username is taken. Try another.</td></tr></table><p class="totop"><a href="#summary">back to summary</a></p><h3 id="m13">TestsSignUpPage.EmailVerification#firstDotUname</h3><table class="result"><tr class="param"><th>Parameter #1</th><th>Parameter #2</th></tr><tr class="param stripe"><td>.myemail</td><td>The first character of your username should be a letter (a-z) or number.</td></tr></table><p class="totop"><a href="#summary">back to summary</a></p></body></html>