<?xml version="1.0" encoding="UTF-8"?>
<testsuite xmlns:xsi="http://www.w3.org/2001/XMLSchema-instance" xsi:noNamespaceSchemaLocation="https://maven.apache.org/surefire/maven-surefire-plugin/xsd/surefire-test-report.xsd" name="TestSuite" time="129.765" tests="14" errors="0" skipped="0" failures="11">
  <properties>
    <property name="gopherProxySet" value="false"/>
    <property name="awt.toolkit" value="sun.lwawt.macosx.LWCToolkit"/>
    <property name="file.encoding.pkg" value="sun.io"/>
    <property name="java.specification.version" value="1.8"/>
    <property name="sun.cpu.isalist" value=""/>
    <property name="sun.jnu.encoding" value="UTF-8"/>
    <property name="java.class.path" value="/Users/macbook/JAVA_files/GitHub/GmailProject/target/test-classes:/Users/macbook/JAVA_files/GitHub/GmailProject/target/classes:/Users/macbook/.m2/repository/org/seleniumhq/selenium/selenium-java/3.10.0/selenium-java-3.10.0.jar:/Users/macbook/.m2/repository/org/seleniumhq/selenium/selenium-api/3.10.0/selenium-api-3.10.0.jar:/Users/macbook/.m2/repository/org/seleniumhq/selenium/selenium-chrome-driver/3.10.0/selenium-chrome-driver-3.10.0.jar:/Users/macbook/.m2/repository/org/seleniumhq/selenium/selenium-edge-driver/3.10.0/selenium-edge-driver-3.10.0.jar:/Users/macbook/.m2/repository/org/seleniumhq/selenium/selenium-firefox-driver/3.10.0/selenium-firefox-driver-3.10.0.jar:/Users/macbook/.m2/repository/org/seleniumhq/selenium/selenium-ie-driver/3.10.0/selenium-ie-driver-3.10.0.jar:/Users/macbook/.m2/repository/org/seleniumhq/selenium/selenium-opera-driver/3.10.0/selenium-opera-driver-3.10.0.jar:/Users/macbook/.m2/repository/org/seleniumhq/selenium/selenium-safari-driver/3.10.0/selenium-safari-driver-3.10.0.jar:/Users/macbook/.m2/repository/net/bytebuddy/byte-buddy/1.7.9/byte-buddy-1.7.9.jar:/Users/macbook/.m2/repository/org/apache/commons/commons-exec/1.3/commons-exec-1.3.jar:/Users/macbook/.m2/repository/commons-codec/commons-codec/1.10/commons-codec-1.10.jar:/Users/macbook/.m2/repository/commons-logging/commons-logging/1.2/commons-logging-1.2.jar:/Users/macbook/.m2/repository/com/google/code/gson/gson/2.8.2/gson-2.8.2.jar:/Users/macbook/.m2/repository/com/google/guava/guava/23.6-jre/guava-23.6-jre.jar:/Users/macbook/.m2/repository/com/google/code/findbugs/jsr305/1.3.9/jsr305-1.3.9.jar:/Users/macbook/.m2/repository/org/checkerframework/checker-compat-qual/2.0.0/checker-compat-qual-2.0.0.jar:/Users/macbook/.m2/repository/com/google/errorprone/error_prone_annotations/2.1.3/error_prone_annotations-2.1.3.jar:/Users/macbook/.m2/repository/com/google/j2objc/j2objc-annotations/1.1/j2objc-annotations-1.1.jar:/Users/macbook/.m2/repository/org/codehaus/mojo/animal-sniffer-annotations/1.14/animal-sniffer-annotations-1.14.jar:/Users/macbook/.m2/repository/org/apache/httpcomponents/httpclient/4.5.3/httpclient-4.5.3.jar:/Users/macbook/.m2/repository/org/apache/httpcomponents/httpcore/4.4.6/httpcore-4.4.6.jar:/Users/macbook/.m2/repository/com/squareup/okhttp3/okhttp/3.9.1/okhttp-3.9.1.jar:/Users/macbook/.m2/repository/com/squareup/okio/okio/1.13.0/okio-1.13.0.jar:/Users/macbook/.m2/repository/org/seleniumhq/selenium/selenium-remote-driver/3.10.0/selenium-remote-driver-3.10.0.jar:/Users/macbook/.m2/repository/org/seleniumhq/selenium/selenium-support/3.4.0/selenium-support-3.4.0.jar:/Users/macbook/.m2/repository/cglib/cglib-nodep/3.2.4/cglib-nodep-3.2.4.jar:/Users/macbook/.m2/repository/org/hamcrest/hamcrest-core/1.3/hamcrest-core-1.3.jar:/Users/macbook/.m2/repository/net/java/dev/jna/jna/4.1.0/jna-4.1.0.jar:/Users/macbook/.m2/repository/net/java/dev/jna/jna-platform/4.1.0/jna-platform-4.1.0.jar:/Users/macbook/.m2/repository/junit/junit/4.12/junit-4.12.jar:/Users/macbook/.m2/repository/com/relevantcodes/extentreports/2.41.2/extentreports-2.41.2.jar:/Users/macbook/.m2/repository/org/jsoup/jsoup/1.8.3/jsoup-1.8.3.jar:/Users/macbook/.m2/repository/org/xerial/sqlite-jdbc/3.8.11.1/sqlite-jdbc-3.8.11.1.jar:/Users/macbook/.m2/repository/org/freemarker/freemarker/2.3.23/freemarker-2.3.23.jar:/Users/macbook/.m2/repository/org/mongodb/mongodb-driver/3.0.4/mongodb-driver-3.0.4.jar:/Users/macbook/.m2/repository/org/mongodb/bson/3.0.4/bson-3.0.4.jar:/Users/macbook/.m2/repository/org/mongodb/mongodb-driver-core/3.0.4/mongodb-driver-core-3.0.4.jar:/Users/macbook/.m2/repository/com/aventstack/extentreports/3.1.3/extentreports-3.1.3.jar:/Users/macbook/.m2/repository/org/apache/httpcomponents/httpmime/4.5.2/httpmime-4.5.2.jar:/Users/macbook/.m2/repository/org/codehaus/groovy/groovy/1.8.3/groovy-1.8.3.jar:/Users/macbook/.m2/repository/antlr/antlr/2.7.7/antlr-2.7.7.jar:/Users/macbook/.m2/repository/asm/asm/3.2/asm-3.2.jar:/Users/macbook/.m2/repository/asm/asm-commons/3.2/asm-commons-3.2.jar:/Users/macbook/.m2/repository/asm/asm-util/3.2/asm-util-3.2.jar:/Users/macbook/.m2/repository/asm/asm-analysis/3.2/asm-analysis-3.2.jar:/Users/macbook/.m2/repository/asm/asm-tree/3.2/asm-tree-3.2.jar:/Users/macbook/.m2/repository/org/testng/testng/6.9.9/testng-6.9.9.jar:/Users/macbook/.m2/repository/com/beust/jcommander/1.48/jcommander-1.48.jar:/Users/macbook/.m2/repository/org/apache/ant/ant/1.7.0/ant-1.7.0.jar:/Users/macbook/.m2/repository/org/apache/ant/ant-launcher/1.7.0/ant-launcher-1.7.0.jar:/Users/macbook/.m2/repository/org/yaml/snakeyaml/1.15/snakeyaml-1.15.jar:/Users/macbook/.m2/repository/org/beanshell/bsh/2.0b4/bsh-2.0b4.jar:/Users/macbook/.m2/repository/org/apache/maven/surefire/surefire-testng-utils/2.21.0/surefire-testng-utils-2.21.0.jar:/Users/macbook/.m2/repository/org/apache/maven/surefire/surefire-grouper/2.21.0/surefire-grouper-2.21.0.jar:"/>
    <property name="java.vm.vendor" value="Oracle Corporation"/>
    <property name="sun.arch.data.model" value="64"/>
    <property name="java.vendor.url" value="http://java.oracle.com/"/>
    <property name="user.timezone" value=""/>
    <property name="java.vm.specification.version" value="1.8"/>
    <property name="os.name" value="Mac OS X"/>
    <property name="user.country" value="US"/>
    <property name="sun.java.launcher" value="SUN_STANDARD"/>
    <property name="sun.boot.library.path" value="/Library/Java/JavaVirtualMachines/jdk1.8.0_161.jdk/Contents/Home/jre/lib"/>
    <property name="sun.java.command" value="/Users/macbook/JAVA_files/GitHub/GmailProject/target/surefire/surefirebooter1441579019943709057.jar /Users/macbook/JAVA_files/GitHub/GmailProject/target/surefire 2018-03-25T16-04-03_545-jvmRun1 surefire7597092440648949798tmp surefire_04134422192236821153tmp"/>
    <property name="http.nonProxyHosts" value="local|*.local|169.254/16|*.169.254/16"/>
    <property name="surefire.test.class.path" value="/Users/macbook/JAVA_files/GitHub/GmailProject/target/test-classes:/Users/macbook/JAVA_files/GitHub/GmailProject/target/classes:/Users/macbook/.m2/repository/org/seleniumhq/selenium/selenium-java/3.10.0/selenium-java-3.10.0.jar:/Users/macbook/.m2/repository/org/seleniumhq/selenium/selenium-api/3.10.0/selenium-api-3.10.0.jar:/Users/macbook/.m2/repository/org/seleniumhq/selenium/selenium-chrome-driver/3.10.0/selenium-chrome-driver-3.10.0.jar:/Users/macbook/.m2/repository/org/seleniumhq/selenium/selenium-edge-driver/3.10.0/selenium-edge-driver-3.10.0.jar:/Users/macbook/.m2/repository/org/seleniumhq/selenium/selenium-firefox-driver/3.10.0/selenium-firefox-driver-3.10.0.jar:/Users/macbook/.m2/repository/org/seleniumhq/selenium/selenium-ie-driver/3.10.0/selenium-ie-driver-3.10.0.jar:/Users/macbook/.m2/repository/org/seleniumhq/selenium/selenium-opera-driver/3.10.0/selenium-opera-driver-3.10.0.jar:/Users/macbook/.m2/repository/org/seleniumhq/selenium/selenium-safari-driver/3.10.0/selenium-safari-driver-3.10.0.jar:/Users/macbook/.m2/repository/net/bytebuddy/byte-buddy/1.7.9/byte-buddy-1.7.9.jar:/Users/macbook/.m2/repository/org/apache/commons/commons-exec/1.3/commons-exec-1.3.jar:/Users/macbook/.m2/repository/commons-codec/commons-codec/1.10/commons-codec-1.10.jar:/Users/macbook/.m2/repository/commons-logging/commons-logging/1.2/commons-logging-1.2.jar:/Users/macbook/.m2/repository/com/google/code/gson/gson/2.8.2/gson-2.8.2.jar:/Users/macbook/.m2/repository/com/google/guava/guava/23.6-jre/guava-23.6-jre.jar:/Users/macbook/.m2/repository/com/google/code/findbugs/jsr305/1.3.9/jsr305-1.3.9.jar:/Users/macbook/.m2/repository/org/checkerframework/checker-compat-qual/2.0.0/checker-compat-qual-2.0.0.jar:/Users/macbook/.m2/repository/com/google/errorprone/error_prone_annotations/2.1.3/error_prone_annotations-2.1.3.jar:/Users/macbook/.m2/repository/com/google/j2objc/j2objc-annotations/1.1/j2objc-annotations-1.1.jar:/Users/macbook/.m2/repository/org/codehaus/mojo/animal-sniffer-annotations/1.14/animal-sniffer-annotations-1.14.jar:/Users/macbook/.m2/repository/org/apache/httpcomponents/httpclient/4.5.3/httpclient-4.5.3.jar:/Users/macbook/.m2/repository/org/apache/httpcomponents/httpcore/4.4.6/httpcore-4.4.6.jar:/Users/macbook/.m2/repository/com/squareup/okhttp3/okhttp/3.9.1/okhttp-3.9.1.jar:/Users/macbook/.m2/repository/com/squareup/okio/okio/1.13.0/okio-1.13.0.jar:/Users/macbook/.m2/repository/org/seleniumhq/selenium/selenium-remote-driver/3.10.0/selenium-remote-driver-3.10.0.jar:/Users/macbook/.m2/repository/org/seleniumhq/selenium/selenium-support/3.4.0/selenium-support-3.4.0.jar:/Users/macbook/.m2/repository/cglib/cglib-nodep/3.2.4/cglib-nodep-3.2.4.jar:/Users/macbook/.m2/repository/org/hamcrest/hamcrest-core/1.3/hamcrest-core-1.3.jar:/Users/macbook/.m2/repository/net/java/dev/jna/jna/4.1.0/jna-4.1.0.jar:/Users/macbook/.m2/repository/net/java/dev/jna/jna-platform/4.1.0/jna-platform-4.1.0.jar:/Users/macbook/.m2/repository/junit/junit/4.12/junit-4.12.jar:/Users/macbook/.m2/repository/com/relevantcodes/extentreports/2.41.2/extentreports-2.41.2.jar:/Users/macbook/.m2/repository/org/jsoup/jsoup/1.8.3/jsoup-1.8.3.jar:/Users/macbook/.m2/repository/org/xerial/sqlite-jdbc/3.8.11.1/sqlite-jdbc-3.8.11.1.jar:/Users/macbook/.m2/repository/org/freemarker/freemarker/2.3.23/freemarker-2.3.23.jar:/Users/macbook/.m2/repository/org/mongodb/mongodb-driver/3.0.4/mongodb-driver-3.0.4.jar:/Users/macbook/.m2/repository/org/mongodb/bson/3.0.4/bson-3.0.4.jar:/Users/macbook/.m2/repository/org/mongodb/mongodb-driver-core/3.0.4/mongodb-driver-core-3.0.4.jar:/Users/macbook/.m2/repository/com/aventstack/extentreports/3.1.3/extentreports-3.1.3.jar:/Users/macbook/.m2/repository/org/apache/httpcomponents/httpmime/4.5.2/httpmime-4.5.2.jar:/Users/macbook/.m2/repository/org/codehaus/groovy/groovy/1.8.3/groovy-1.8.3.jar:/Users/macbook/.m2/repository/antlr/antlr/2.7.7/antlr-2.7.7.jar:/Users/macbook/.m2/repository/asm/asm/3.2/asm-3.2.jar:/Users/macbook/.m2/repository/asm/asm-commons/3.2/asm-commons-3.2.jar:/Users/macbook/.m2/repository/asm/asm-util/3.2/asm-util-3.2.jar:/Users/macbook/.m2/repository/asm/asm-analysis/3.2/asm-analysis-3.2.jar:/Users/macbook/.m2/repository/asm/asm-tree/3.2/asm-tree-3.2.jar:/Users/macbook/.m2/repository/org/testng/testng/6.9.9/testng-6.9.9.jar:/Users/macbook/.m2/repository/com/beust/jcommander/1.48/jcommander-1.48.jar:/Users/macbook/.m2/repository/org/apache/ant/ant/1.7.0/ant-1.7.0.jar:/Users/macbook/.m2/repository/org/apache/ant/ant-launcher/1.7.0/ant-launcher-1.7.0.jar:/Users/macbook/.m2/repository/org/yaml/snakeyaml/1.15/snakeyaml-1.15.jar:/Users/macbook/.m2/repository/org/beanshell/bsh/2.0b4/bsh-2.0b4.jar:/Users/macbook/.m2/repository/org/apache/maven/surefire/surefire-testng-utils/2.21.0/surefire-testng-utils-2.21.0.jar:/Users/macbook/.m2/repository/org/apache/maven/surefire/surefire-grouper/2.21.0/surefire-grouper-2.21.0.jar:"/>
    <property name="sun.cpu.endian" value="little"/>
    <property name="user.home" value="/Users/macbook"/>
    <property name="user.language" value="en"/>
    <property name="java.specification.vendor" value="Oracle Corporation"/>
    <property name="java.home" value="/Library/Java/JavaVirtualMachines/jdk1.8.0_161.jdk/Contents/Home/jre"/>
    <property name="basedir" value="/Users/macbook/JAVA_files/GitHub/GmailProject"/>
    <property name="file.separator" value="/"/>
    <property name="line.separator" value="&#10;"/>
    <property name="java.vm.specification.vendor" value="Oracle Corporation"/>
    <property name="java.specification.name" value="Java Platform API Specification"/>
    <property name="java.awt.graphicsenv" value="sun.awt.CGraphicsEnvironment"/>
    <property name="surefire.real.class.path" value="/Users/macbook/JAVA_files/GitHub/GmailProject/target/surefire/surefirebooter1441579019943709057.jar"/>
    <property name="sun.boot.class.path" value="/Library/Java/JavaVirtualMachines/jdk1.8.0_161.jdk/Contents/Home/jre/lib/resources.jar:/Library/Java/JavaVirtualMachines/jdk1.8.0_161.jdk/Contents/Home/jre/lib/rt.jar:/Library/Java/JavaVirtualMachines/jdk1.8.0_161.jdk/Contents/Home/jre/lib/sunrsasign.jar:/Library/Java/JavaVirtualMachines/jdk1.8.0_161.jdk/Contents/Home/jre/lib/jsse.jar:/Library/Java/JavaVirtualMachines/jdk1.8.0_161.jdk/Contents/Home/jre/lib/jce.jar:/Library/Java/JavaVirtualMachines/jdk1.8.0_161.jdk/Contents/Home/jre/lib/charsets.jar:/Library/Java/JavaVirtualMachines/jdk1.8.0_161.jdk/Contents/Home/jre/lib/jfr.jar:/Library/Java/JavaVirtualMachines/jdk1.8.0_161.jdk/Contents/Home/jre/classes"/>
    <property name="sun.management.compiler" value="HotSpot 64-Bit Tiered Compilers"/>
    <property name="ftp.nonProxyHosts" value="local|*.local|169.254/16|*.169.254/16"/>
    <property name="java.runtime.version" value="1.8.0_161-b12"/>
    <property name="user.name" value="macbook"/>
    <property name="path.separator" value=":"/>
    <property name="os.version" value="10.10.5"/>
    <property name="java.endorsed.dirs" value="/Library/Java/JavaVirtualMachines/jdk1.8.0_161.jdk/Contents/Home/jre/lib/endorsed"/>
    <property name="java.runtime.name" value="Java(TM) SE Runtime Environment"/>
    <property name="file.encoding" value="UTF-8"/>
    <property name="java.vm.name" value="Java HotSpot(TM) 64-Bit Server VM"/>
    <property name="localRepository" value="/Users/macbook/.m2/repository"/>
    <property name="java.vendor.url.bug" value="http://bugreport.sun.com/bugreport/"/>
    <property name="java.io.tmpdir" value="/var/folders/k2/zqt4_dg1303cmyqzxqcprqzm0000gn/T/"/>
    <property name="idea.version" value="2016.2"/>
    <property name="java.version" value="1.8.0_161"/>
    <property name="user.dir" value="/Users/macbook/JAVA_files/GitHub/GmailProject"/>
    <property name="os.arch" value="x86_64"/>
    <property name="java.vm.specification.name" value="Java Virtual Machine Specification"/>
    <property name="java.awt.printerjob" value="sun.lwawt.macosx.CPrinterJob"/>
    <property name="sun.os.patch.level" value="unknown"/>
    <property name="java.library.path" value="/Users/macbook/Library/Java/Extensions:/Library/Java/Extensions:/Network/Library/Java/Extensions:/System/Library/Java/Extensions:/usr/lib/java:."/>
    <property name="java.vm.info" value="mixed mode"/>
    <property name="java.vendor" value="Oracle Corporation"/>
    <property name="java.vm.version" value="25.161-b12"/>
    <property name="java.ext.dirs" value="/Users/macbook/Library/Java/Extensions:/Library/Java/JavaVirtualMachines/jdk1.8.0_161.jdk/Contents/Home/jre/lib/ext:/Library/Java/Extensions:/Network/Library/Java/Extensions:/System/Library/Java/Extensions:/usr/lib/java"/>
    <property name="sun.io.unicode.encoding" value="UnicodeBig"/>
    <property name="java.class.version" value="52.0"/>
    <property name="socksNonProxyHosts" value="local|*.local|169.254/16|*.169.254/16"/>
  </properties>
  <testcase name="capitalUname" classname="TestsSignUpPage.EmailVerification" time="1.317"/>
  <testcase name="correctUname" classname="TestsSignUpPage.EmailVerification" time="1.301"/>
  <testcase name="dashUname" classname="TestsSignUpPage.EmailVerification" time="11.248">
    <failure message="Expected condition failed: waiting for visibility of [[FirefoxDriver: firefox on MAC (44f54afb-a756-904e-b268-8232245310d0)] -&gt; css selector: span#errormsg_0_GmailAddress.errormsg] (tried for 10 second(s) with 500 MILLISECONDS interval)&#10;Build info: version: &apos;3.10.0&apos;, revision: &apos;176b4a9&apos;, time: &apos;2018-03-02T19:03:16.397Z&apos;&#10;System info: host: &apos;Auznali.LobbyWAP&apos;, ip: &apos;fe80:0:0:0:2acf:e9ff:fe50:9c01%en0&apos;, os.name: &apos;Mac OS X&apos;, os.arch: &apos;x86_64&apos;, os.version: &apos;10.10.5&apos;, java.version: &apos;1.8.0_161&apos;&#10;Driver info: org.openqa.selenium.firefox.FirefoxDriver&#10;Capabilities {acceptInsecureCerts: true, browserName: firefox, browserVersion: 59.0, javascriptEnabled: true, moz:accessibilityChecks: false, moz:headless: false, moz:processID: 3395, moz:profile: /var/folders/k2/zqt4_dg1303..., moz:useNonSpecCompliantPointerOrigin: false, moz:webdriverClick: true, pageLoadStrategy: normal, platform: MAC, platformName: MAC, platformVersion: 14.5.0, rotatable: false, timeouts: {implicit: 0, pageLoad: 300000, script: 30000}}&#10;Session ID: 44f54afb-a756-904e-b268-8232245310d0" type="org.openqa.selenium.TimeoutException">org.openqa.selenium.TimeoutException: 
Expected condition failed: waiting for visibility of [[FirefoxDriver: firefox on MAC (44f54afb-a756-904e-b268-8232245310d0)] -> css selector: span#errormsg_0_GmailAddress.errormsg] (tried for 10 second(s) with 500 MILLISECONDS interval)
Build info: version: '3.10.0', revision: '176b4a9', time: '2018-03-02T19:03:16.397Z'
System info: host: 'Auznali.LobbyWAP', ip: 'fe80:0:0:0:2acf:e9ff:fe50:9c01%en0', os.name: 'Mac OS X', os.arch: 'x86_64', os.version: '10.10.5', java.version: '1.8.0_161'
Driver info: org.openqa.selenium.firefox.FirefoxDriver
Capabilities {acceptInsecureCerts: true, browserName: firefox, browserVersion: 59.0, javascriptEnabled: true, moz:accessibilityChecks: false, moz:headless: false, moz:processID: 3395, moz:profile: /var/folders/k2/zqt4_dg1303..., moz:useNonSpecCompliantPointerOrigin: false, moz:webdriverClick: true, pageLoadStrategy: normal, platform: MAC, platformName: MAC, platformVersion: 14.5.0, rotatable: false, timeouts: {implicit: 0, pageLoad: 300000, script: 30000}}
Session ID: 44f54afb-a756-904e-b268-8232245310d0
	at TestsSignUpPage.EmailVerification.dashUname(EmailVerification.java:115)
</failure>
  </testcase>
  <testcase name="digitsUname" classname="TestsSignUpPage.EmailVerification" time="11.127">
    <failure message="Expected condition failed: waiting for visibility of [[FirefoxDriver: firefox on MAC (44f54afb-a756-904e-b268-8232245310d0)] -&gt; css selector: span#errormsg_0_GmailAddress.errormsg] (tried for 10 second(s) with 500 MILLISECONDS interval)&#10;Build info: version: &apos;3.10.0&apos;, revision: &apos;176b4a9&apos;, time: &apos;2018-03-02T19:03:16.397Z&apos;&#10;System info: host: &apos;Auznali.LobbyWAP&apos;, ip: &apos;fe80:0:0:0:2acf:e9ff:fe50:9c01%en0&apos;, os.name: &apos;Mac OS X&apos;, os.arch: &apos;x86_64&apos;, os.version: &apos;10.10.5&apos;, java.version: &apos;1.8.0_161&apos;&#10;Driver info: org.openqa.selenium.firefox.FirefoxDriver&#10;Capabilities {acceptInsecureCerts: true, browserName: firefox, browserVersion: 59.0, javascriptEnabled: true, moz:accessibilityChecks: false, moz:headless: false, moz:processID: 3395, moz:profile: /var/folders/k2/zqt4_dg1303..., moz:useNonSpecCompliantPointerOrigin: false, moz:webdriverClick: true, pageLoadStrategy: normal, platform: MAC, platformName: MAC, platformVersion: 14.5.0, rotatable: false, timeouts: {implicit: 0, pageLoad: 300000, script: 30000}}&#10;Session ID: 44f54afb-a756-904e-b268-8232245310d0" type="org.openqa.selenium.TimeoutException">org.openqa.selenium.TimeoutException: 
Expected condition failed: waiting for visibility of [[FirefoxDriver: firefox on MAC (44f54afb-a756-904e-b268-8232245310d0)] -> css selector: span#errormsg_0_GmailAddress.errormsg] (tried for 10 second(s) with 500 MILLISECONDS interval)
Build info: version: '3.10.0', revision: '176b4a9', time: '2018-03-02T19:03:16.397Z'
System info: host: 'Auznali.LobbyWAP', ip: 'fe80:0:0:0:2acf:e9ff:fe50:9c01%en0', os.name: 'Mac OS X', os.arch: 'x86_64', os.version: '10.10.5', java.version: '1.8.0_161'
Driver info: org.openqa.selenium.firefox.FirefoxDriver
Capabilities {acceptInsecureCerts: true, browserName: firefox, browserVersion: 59.0, javascriptEnabled: true, moz:accessibilityChecks: false, moz:headless: false, moz:processID: 3395, moz:profile: /var/folders/k2/zqt4_dg1303..., moz:useNonSpecCompliantPointerOrigin: false, moz:webdriverClick: true, pageLoadStrategy: normal, platform: MAC, platformName: MAC, platformVersion: 14.5.0, rotatable: false, timeouts: {implicit: 0, pageLoad: 300000, script: 30000}}
Session ID: 44f54afb-a756-904e-b268-8232245310d0
	at TestsSignUpPage.EmailVerification.digitsUname(EmailVerification.java:95)
</failure>
    <system-err><![CDATA[JavaScript error: chrome://browser/content/browser-safebrowsing.js, line 16: TypeError: gBrowser is null
]]></system-err>
  </testcase>
  <testcase name="dotUname" classname="TestsSignUpPage.EmailVerification" time="10.761">
    <failure message="Expected condition failed: waiting for visibility of [[FirefoxDriver: firefox on MAC (44f54afb-a756-904e-b268-8232245310d0)] -&gt; css selector: span#errormsg_0_GmailAddress.errormsg] (tried for 10 second(s) with 500 MILLISECONDS interval)&#10;Build info: version: &apos;3.10.0&apos;, revision: &apos;176b4a9&apos;, time: &apos;2018-03-02T19:03:16.397Z&apos;&#10;System info: host: &apos;Auznali.LobbyWAP&apos;, ip: &apos;fe80:0:0:0:2acf:e9ff:fe50:9c01%en0&apos;, os.name: &apos;Mac OS X&apos;, os.arch: &apos;x86_64&apos;, os.version: &apos;10.10.5&apos;, java.version: &apos;1.8.0_161&apos;&#10;Driver info: org.openqa.selenium.firefox.FirefoxDriver&#10;Capabilities {acceptInsecureCerts: true, browserName: firefox, browserVersion: 59.0, javascriptEnabled: true, moz:accessibilityChecks: false, moz:headless: false, moz:processID: 3395, moz:profile: /var/folders/k2/zqt4_dg1303..., moz:useNonSpecCompliantPointerOrigin: false, moz:webdriverClick: true, pageLoadStrategy: normal, platform: MAC, platformName: MAC, platformVersion: 14.5.0, rotatable: false, timeouts: {implicit: 0, pageLoad: 300000, script: 30000}}&#10;Session ID: 44f54afb-a756-904e-b268-8232245310d0" type="org.openqa.selenium.TimeoutException">org.openqa.selenium.TimeoutException: 
Expected condition failed: waiting for visibility of [[FirefoxDriver: firefox on MAC (44f54afb-a756-904e-b268-8232245310d0)] -> css selector: span#errormsg_0_GmailAddress.errormsg] (tried for 10 second(s) with 500 MILLISECONDS interval)
Build info: version: '3.10.0', revision: '176b4a9', time: '2018-03-02T19:03:16.397Z'
System info: host: 'Auznali.LobbyWAP', ip: 'fe80:0:0:0:2acf:e9ff:fe50:9c01%en0', os.name: 'Mac OS X', os.arch: 'x86_64', os.version: '10.10.5', java.version: '1.8.0_161'
Driver info: org.openqa.selenium.firefox.FirefoxDriver
Capabilities {acceptInsecureCerts: true, browserName: firefox, browserVersion: 59.0, javascriptEnabled: true, moz:accessibilityChecks: false, moz:headless: false, moz:processID: 3395, moz:profile: /var/folders/k2/zqt4_dg1303..., moz:useNonSpecCompliantPointerOrigin: false, moz:webdriverClick: true, pageLoadStrategy: normal, platform: MAC, platformName: MAC, platformVersion: 14.5.0, rotatable: false, timeouts: {implicit: 0, pageLoad: 300000, script: 30000}}
Session ID: 44f54afb-a756-904e-b268-8232245310d0
	at TestsSignUpPage.EmailVerification.dotUname(EmailVerification.java:83)
</failure>
  </testcase>
  <testcase name="dotsUname" classname="TestsSignUpPage.EmailVerification" time="10.873">
    <failure message="Expected condition failed: waiting for visibility of [[FirefoxDriver: firefox on MAC (44f54afb-a756-904e-b268-8232245310d0)] -&gt; css selector: span#errormsg_0_GmailAddress.errormsg] (tried for 10 second(s) with 500 MILLISECONDS interval)&#10;Build info: version: &apos;3.10.0&apos;, revision: &apos;176b4a9&apos;, time: &apos;2018-03-02T19:03:16.397Z&apos;&#10;System info: host: &apos;Auznali.LobbyWAP&apos;, ip: &apos;fe80:0:0:0:2acf:e9ff:fe50:9c01%en0&apos;, os.name: &apos;Mac OS X&apos;, os.arch: &apos;x86_64&apos;, os.version: &apos;10.10.5&apos;, java.version: &apos;1.8.0_161&apos;&#10;Driver info: org.openqa.selenium.firefox.FirefoxDriver&#10;Capabilities {acceptInsecureCerts: true, browserName: firefox, browserVersion: 59.0, javascriptEnabled: true, moz:accessibilityChecks: false, moz:headless: false, moz:processID: 3395, moz:profile: /var/folders/k2/zqt4_dg1303..., moz:useNonSpecCompliantPointerOrigin: false, moz:webdriverClick: true, pageLoadStrategy: normal, platform: MAC, platformName: MAC, platformVersion: 14.5.0, rotatable: false, timeouts: {implicit: 0, pageLoad: 300000, script: 30000}}&#10;Session ID: 44f54afb-a756-904e-b268-8232245310d0" type="org.openqa.selenium.TimeoutException">org.openqa.selenium.TimeoutException: 
Expected condition failed: waiting for visibility of [[FirefoxDriver: firefox on MAC (44f54afb-a756-904e-b268-8232245310d0)] -> css selector: span#errormsg_0_GmailAddress.errormsg] (tried for 10 second(s) with 500 MILLISECONDS interval)
Build info: version: '3.10.0', revision: '176b4a9', time: '2018-03-02T19:03:16.397Z'
System info: host: 'Auznali.LobbyWAP', ip: 'fe80:0:0:0:2acf:e9ff:fe50:9c01%en0', os.name: 'Mac OS X', os.arch: 'x86_64', os.version: '10.10.5', java.version: '1.8.0_161'
Driver info: org.openqa.selenium.firefox.FirefoxDriver
Capabilities {acceptInsecureCerts: true, browserName: firefox, browserVersion: 59.0, javascriptEnabled: true, moz:accessibilityChecks: false, moz:headless: false, moz:processID: 3395, moz:profile: /var/folders/k2/zqt4_dg1303..., moz:useNonSpecCompliantPointerOrigin: false, moz:webdriverClick: true, pageLoadStrategy: normal, platform: MAC, platformName: MAC, platformVersion: 14.5.0, rotatable: false, timeouts: {implicit: 0, pageLoad: 300000, script: 30000}}
Session ID: 44f54afb-a756-904e-b268-8232245310d0
	at TestsSignUpPage.EmailVerification.dotsUname(EmailVerification.java:145)
</failure>
  </testcase>
  <testcase name="firstDotUname" classname="TestsSignUpPage.EmailVerification" time="1.211"/>
  <testcase name="lastDotUname" classname="TestsSignUpPage.EmailVerification" time="10.962">
    <failure message="Expected condition failed: waiting for visibility of [[FirefoxDriver: firefox on MAC (44f54afb-a756-904e-b268-8232245310d0)] -&gt; css selector: span#errormsg_0_GmailAddress.errormsg] (tried for 10 second(s) with 500 MILLISECONDS interval)&#10;Build info: version: &apos;3.10.0&apos;, revision: &apos;176b4a9&apos;, time: &apos;2018-03-02T19:03:16.397Z&apos;&#10;System info: host: &apos;Auznali.LobbyWAP&apos;, ip: &apos;fe80:0:0:0:2acf:e9ff:fe50:9c01%en0&apos;, os.name: &apos;Mac OS X&apos;, os.arch: &apos;x86_64&apos;, os.version: &apos;10.10.5&apos;, java.version: &apos;1.8.0_161&apos;&#10;Driver info: org.openqa.selenium.firefox.FirefoxDriver&#10;Capabilities {acceptInsecureCerts: true, browserName: firefox, browserVersion: 59.0, javascriptEnabled: true, moz:accessibilityChecks: false, moz:headless: false, moz:processID: 3395, moz:profile: /var/folders/k2/zqt4_dg1303..., moz:useNonSpecCompliantPointerOrigin: false, moz:webdriverClick: true, pageLoadStrategy: normal, platform: MAC, platformName: MAC, platformVersion: 14.5.0, rotatable: false, timeouts: {implicit: 0, pageLoad: 300000, script: 30000}}&#10;Session ID: 44f54afb-a756-904e-b268-8232245310d0" type="org.openqa.selenium.TimeoutException">org.openqa.selenium.TimeoutException: 
Expected condition failed: waiting for visibility of [[FirefoxDriver: firefox on MAC (44f54afb-a756-904e-b268-8232245310d0)] -> css selector: span#errormsg_0_GmailAddress.errormsg] (tried for 10 second(s) with 500 MILLISECONDS interval)
Build info: version: '3.10.0', revision: '176b4a9', time: '2018-03-02T19:03:16.397Z'
System info: host: 'Auznali.LobbyWAP', ip: 'fe80:0:0:0:2acf:e9ff:fe50:9c01%en0', os.name: 'Mac OS X', os.arch: 'x86_64', os.version: '10.10.5', java.version: '1.8.0_161'
Driver info: org.openqa.selenium.firefox.FirefoxDriver
Capabilities {acceptInsecureCerts: true, browserName: firefox, browserVersion: 59.0, javascriptEnabled: true, moz:accessibilityChecks: false, moz:headless: false, moz:processID: 3395, moz:profile: /var/folders/k2/zqt4_dg1303..., moz:useNonSpecCompliantPointerOrigin: false, moz:webdriverClick: true, pageLoadStrategy: normal, platform: MAC, platformName: MAC, platformVersion: 14.5.0, rotatable: false, timeouts: {implicit: 0, pageLoad: 300000, script: 30000}}
Session ID: 44f54afb-a756-904e-b268-8232245310d0
	at TestsSignUpPage.EmailVerification.lastDotUname(EmailVerification.java:139)
</failure>
  </testcase>
  <testcase name="plusUname" classname="TestsSignUpPage.EmailVerification" time="11.201">
    <failure message="Expected condition failed: waiting for visibility of [[FirefoxDriver: firefox on MAC (44f54afb-a756-904e-b268-8232245310d0)] -&gt; css selector: span#errormsg_0_GmailAddress.errormsg] (tried for 10 second(s) with 500 MILLISECONDS interval)&#10;Build info: version: &apos;3.10.0&apos;, revision: &apos;176b4a9&apos;, time: &apos;2018-03-02T19:03:16.397Z&apos;&#10;System info: host: &apos;Auznali.LobbyWAP&apos;, ip: &apos;fe80:0:0:0:2acf:e9ff:fe50:9c01%en0&apos;, os.name: &apos;Mac OS X&apos;, os.arch: &apos;x86_64&apos;, os.version: &apos;10.10.5&apos;, java.version: &apos;1.8.0_161&apos;&#10;Driver info: org.openqa.selenium.firefox.FirefoxDriver&#10;Capabilities {acceptInsecureCerts: true, browserName: firefox, browserVersion: 59.0, javascriptEnabled: true, moz:accessibilityChecks: false, moz:headless: false, moz:processID: 3395, moz:profile: /var/folders/k2/zqt4_dg1303..., moz:useNonSpecCompliantPointerOrigin: false, moz:webdriverClick: true, pageLoadStrategy: normal, platform: MAC, platformName: MAC, platformVersion: 14.5.0, rotatable: false, timeouts: {implicit: 0, pageLoad: 300000, script: 30000}}&#10;Session ID: 44f54afb-a756-904e-b268-8232245310d0" type="org.openqa.selenium.TimeoutException">org.openqa.selenium.TimeoutException: 
Expected condition failed: waiting for visibility of [[FirefoxDriver: firefox on MAC (44f54afb-a756-904e-b268-8232245310d0)] -> css selector: span#errormsg_0_GmailAddress.errormsg] (tried for 10 second(s) with 500 MILLISECONDS interval)
Build info: version: '3.10.0', revision: '176b4a9', time: '2018-03-02T19:03:16.397Z'
System info: host: 'Auznali.LobbyWAP', ip: 'fe80:0:0:0:2acf:e9ff:fe50:9c01%en0', os.name: 'Mac OS X', os.arch: 'x86_64', os.version: '10.10.5', java.version: '1.8.0_161'
Driver info: org.openqa.selenium.firefox.FirefoxDriver
Capabilities {acceptInsecureCerts: true, browserName: firefox, browserVersion: 59.0, javascriptEnabled: true, moz:accessibilityChecks: false, moz:headless: false, moz:processID: 3395, moz:profile: /var/folders/k2/zqt4_dg1303..., moz:useNonSpecCompliantPointerOrigin: false, moz:webdriverClick: true, pageLoadStrategy: normal, platform: MAC, platformName: MAC, platformVersion: 14.5.0, rotatable: false, timeouts: {implicit: 0, pageLoad: 300000, script: 30000}}
Session ID: 44f54afb-a756-904e-b268-8232245310d0
	at TestsSignUpPage.EmailVerification.plusUname(EmailVerification.java:109)
</failure>
  </testcase>
  <testcase name="specCharsUname" classname="TestsSignUpPage.EmailVerification" time="5.124">
    <failure type="java.lang.AssertionError">java.lang.AssertionError
	at TestsSignUpPage.EmailVerification.specCharsUname(EmailVerification.java:127)
</failure>
    <system-out><![CDATA[= = = = = = = Testing value: /!@#$%^*()/ = = = = = = = = = = = =  
EXPECTED: Please use only letters (a-z), numbers, and periods.
ACTUAL:   
= = = = = = = = = = = = = = = = = = =  = = = = = = = = = = = =  = = = = = 
]]></system-out>
  </testcase>
  <testcase name="twoWordsUname" classname="TestsSignUpPage.EmailVerification" time="10.975">
    <failure message="Expected condition failed: waiting for visibility of [[FirefoxDriver: firefox on MAC (44f54afb-a756-904e-b268-8232245310d0)] -&gt; css selector: span#errormsg_0_GmailAddress.errormsg] (tried for 10 second(s) with 500 MILLISECONDS interval)&#10;Build info: version: &apos;3.10.0&apos;, revision: &apos;176b4a9&apos;, time: &apos;2018-03-02T19:03:16.397Z&apos;&#10;System info: host: &apos;Auznali.LobbyWAP&apos;, ip: &apos;fe80:0:0:0:2acf:e9ff:fe50:9c01%en0&apos;, os.name: &apos;Mac OS X&apos;, os.arch: &apos;x86_64&apos;, os.version: &apos;10.10.5&apos;, java.version: &apos;1.8.0_161&apos;&#10;Driver info: org.openqa.selenium.firefox.FirefoxDriver&#10;Capabilities {acceptInsecureCerts: true, browserName: firefox, browserVersion: 59.0, javascriptEnabled: true, moz:accessibilityChecks: false, moz:headless: false, moz:processID: 3395, moz:profile: /var/folders/k2/zqt4_dg1303..., moz:useNonSpecCompliantPointerOrigin: false, moz:webdriverClick: true, pageLoadStrategy: normal, platform: MAC, platformName: MAC, platformVersion: 14.5.0, rotatable: false, timeouts: {implicit: 0, pageLoad: 300000, script: 30000}}&#10;Session ID: 44f54afb-a756-904e-b268-8232245310d0" type="org.openqa.selenium.TimeoutException">org.openqa.selenium.TimeoutException: 
Expected condition failed: waiting for visibility of [[FirefoxDriver: firefox on MAC (44f54afb-a756-904e-b268-8232245310d0)] -> css selector: span#errormsg_0_GmailAddress.errormsg] (tried for 10 second(s) with 500 MILLISECONDS interval)
Build info: version: '3.10.0', revision: '176b4a9', time: '2018-03-02T19:03:16.397Z'
System info: host: 'Auznali.LobbyWAP', ip: 'fe80:0:0:0:2acf:e9ff:fe50:9c01%en0', os.name: 'Mac OS X', os.arch: 'x86_64', os.version: '10.10.5', java.version: '1.8.0_161'
Driver info: org.openqa.selenium.firefox.FirefoxDriver
Capabilities {acceptInsecureCerts: true, browserName: firefox, browserVersion: 59.0, javascriptEnabled: true, moz:accessibilityChecks: false, moz:headless: false, moz:processID: 3395, moz:profile: /var/folders/k2/zqt4_dg1303..., moz:useNonSpecCompliantPointerOrigin: false, moz:webdriverClick: true, pageLoadStrategy: normal, platform: MAC, platformName: MAC, platformVersion: 14.5.0, rotatable: false, timeouts: {implicit: 0, pageLoad: 300000, script: 30000}}
Session ID: 44f54afb-a756-904e-b268-8232245310d0
	at TestsSignUpPage.EmailVerification.twoWordsUname(EmailVerification.java:157)
</failure>
    <system-err><![CDATA[JavaScript error: chrome://browser/content/browser-safebrowsing.js, line 16: TypeError: gBrowser is null
]]></system-err>
  </testcase>
  <testcase name="underscoreUname" classname="TestsSignUpPage.EmailVerification" time="11.365">
    <failure message="Expected condition failed: waiting for visibility of [[FirefoxDriver: firefox on MAC (44f54afb-a756-904e-b268-8232245310d0)] -&gt; css selector: span#errormsg_0_GmailAddress.errormsg] (tried for 10 second(s) with 500 MILLISECONDS interval)&#10;Build info: version: &apos;3.10.0&apos;, revision: &apos;176b4a9&apos;, time: &apos;2018-03-02T19:03:16.397Z&apos;&#10;System info: host: &apos;Auznali.LobbyWAP&apos;, ip: &apos;fe80:0:0:0:2acf:e9ff:fe50:9c01%en0&apos;, os.name: &apos;Mac OS X&apos;, os.arch: &apos;x86_64&apos;, os.version: &apos;10.10.5&apos;, java.version: &apos;1.8.0_161&apos;&#10;Driver info: org.openqa.selenium.firefox.FirefoxDriver&#10;Capabilities {acceptInsecureCerts: true, browserName: firefox, browserVersion: 59.0, javascriptEnabled: true, moz:accessibilityChecks: false, moz:headless: false, moz:processID: 3395, moz:profile: /var/folders/k2/zqt4_dg1303..., moz:useNonSpecCompliantPointerOrigin: false, moz:webdriverClick: true, pageLoadStrategy: normal, platform: MAC, platformName: MAC, platformVersion: 14.5.0, rotatable: false, timeouts: {implicit: 0, pageLoad: 300000, script: 30000}}&#10;Session ID: 44f54afb-a756-904e-b268-8232245310d0" type="org.openqa.selenium.TimeoutException">org.openqa.selenium.TimeoutException: 
Expected condition failed: waiting for visibility of [[FirefoxDriver: firefox on MAC (44f54afb-a756-904e-b268-8232245310d0)] -> css selector: span#errormsg_0_GmailAddress.errormsg] (tried for 10 second(s) with 500 MILLISECONDS interval)
Build info: version: '3.10.0', revision: '176b4a9', time: '2018-03-02T19:03:16.397Z'
System info: host: 'Auznali.LobbyWAP', ip: 'fe80:0:0:0:2acf:e9ff:fe50:9c01%en0', os.name: 'Mac OS X', os.arch: 'x86_64', os.version: '10.10.5', java.version: '1.8.0_161'
Driver info: org.openqa.selenium.firefox.FirefoxDriver
Capabilities {acceptInsecureCerts: true, browserName: firefox, browserVersion: 59.0, javascriptEnabled: true, moz:accessibilityChecks: false, moz:headless: false, moz:processID: 3395, moz:profile: /var/folders/k2/zqt4_dg1303..., moz:useNonSpecCompliantPointerOrigin: false, moz:webdriverClick: true, pageLoadStrategy: normal, platform: MAC, platformName: MAC, platformVersion: 14.5.0, rotatable: false, timeouts: {implicit: 0, pageLoad: 300000, script: 30000}}
Session ID: 44f54afb-a756-904e-b268-8232245310d0
	at TestsSignUpPage.EmailVerification.underscoreUname(EmailVerification.java:121)
</failure>
  </testcase>
  <testcase name="unicodeUname" classname="TestsSignUpPage.EmailVerification" time="11.32">
    <failure message="Expected condition failed: waiting for visibility of [[FirefoxDriver: firefox on MAC (44f54afb-a756-904e-b268-8232245310d0)] -&gt; css selector: span#errormsg_0_GmailAddress.errormsg] (tried for 10 second(s) with 500 MILLISECONDS interval)&#10;Build info: version: &apos;3.10.0&apos;, revision: &apos;176b4a9&apos;, time: &apos;2018-03-02T19:03:16.397Z&apos;&#10;System info: host: &apos;Auznali.LobbyWAP&apos;, ip: &apos;fe80:0:0:0:2acf:e9ff:fe50:9c01%en0&apos;, os.name: &apos;Mac OS X&apos;, os.arch: &apos;x86_64&apos;, os.version: &apos;10.10.5&apos;, java.version: &apos;1.8.0_161&apos;&#10;Driver info: org.openqa.selenium.firefox.FirefoxDriver&#10;Capabilities {acceptInsecureCerts: true, browserName: firefox, browserVersion: 59.0, javascriptEnabled: true, moz:accessibilityChecks: false, moz:headless: false, moz:processID: 3395, moz:profile: /var/folders/k2/zqt4_dg1303..., moz:useNonSpecCompliantPointerOrigin: false, moz:webdriverClick: true, pageLoadStrategy: normal, platform: MAC, platformName: MAC, platformVersion: 14.5.0, rotatable: false, timeouts: {implicit: 0, pageLoad: 300000, script: 30000}}&#10;Session ID: 44f54afb-a756-904e-b268-8232245310d0" type="org.openqa.selenium.TimeoutException">org.openqa.selenium.TimeoutException: 
Expected condition failed: waiting for visibility of [[FirefoxDriver: firefox on MAC (44f54afb-a756-904e-b268-8232245310d0)] -> css selector: span#errormsg_0_GmailAddress.errormsg] (tried for 10 second(s) with 500 MILLISECONDS interval)
Build info: version: '3.10.0', revision: '176b4a9', time: '2018-03-02T19:03:16.397Z'
System info: host: 'Auznali.LobbyWAP', ip: 'fe80:0:0:0:2acf:e9ff:fe50:9c01%en0', os.name: 'Mac OS X', os.arch: 'x86_64', os.version: '10.10.5', java.version: '1.8.0_161'
Driver info: org.openqa.selenium.firefox.FirefoxDriver
Capabilities {acceptInsecureCerts: true, browserName: firefox, browserVersion: 59.0, javascriptEnabled: true, moz:accessibilityChecks: false, moz:headless: false, moz:processID: 3395, moz:profile: /var/folders/k2/zqt4_dg1303..., moz:useNonSpecCompliantPointerOrigin: false, moz:webdriverClick: true, pageLoadStrategy: normal, platform: MAC, platformName: MAC, platformVersion: 14.5.0, rotatable: false, timeouts: {implicit: 0, pageLoad: 300000, script: 30000}}
Session ID: 44f54afb-a756-904e-b268-8232245310d0
	at TestsSignUpPage.EmailVerification.unicodeUname(EmailVerification.java:151)
</failure>
  </testcase>
  <testcase name="wSpacesUname" classname="TestsSignUpPage.EmailVerification" time="11.433">
    <failure message="Expected condition failed: waiting for visibility of [[FirefoxDriver: firefox on MAC (44f54afb-a756-904e-b268-8232245310d0)] -&gt; css selector: span#errormsg_0_GmailAddress.errormsg] (tried for 10 second(s) with 500 MILLISECONDS interval)&#10;Build info: version: &apos;3.10.0&apos;, revision: &apos;176b4a9&apos;, time: &apos;2018-03-02T19:03:16.397Z&apos;&#10;System info: host: &apos;Auznali.LobbyWAP&apos;, ip: &apos;fe80:0:0:0:2acf:e9ff:fe50:9c01%en0&apos;, os.name: &apos;Mac OS X&apos;, os.arch: &apos;x86_64&apos;, os.version: &apos;10.10.5&apos;, java.version: &apos;1.8.0_161&apos;&#10;Driver info: org.openqa.selenium.firefox.FirefoxDriver&#10;Capabilities {acceptInsecureCerts: true, browserName: firefox, browserVersion: 59.0, javascriptEnabled: true, moz:accessibilityChecks: false, moz:headless: false, moz:processID: 3395, moz:profile: /var/folders/k2/zqt4_dg1303..., moz:useNonSpecCompliantPointerOrigin: false, moz:webdriverClick: true, pageLoadStrategy: normal, platform: MAC, platformName: MAC, platformVersion: 14.5.0, rotatable: false, timeouts: {implicit: 0, pageLoad: 300000, script: 30000}}&#10;Session ID: 44f54afb-a756-904e-b268-8232245310d0" type="org.openqa.selenium.TimeoutException">org.openqa.selenium.TimeoutException: 
Expected condition failed: waiting for visibility of [[FirefoxDriver: firefox on MAC (44f54afb-a756-904e-b268-8232245310d0)] -> css selector: span#errormsg_0_GmailAddress.errormsg] (tried for 10 second(s) with 500 MILLISECONDS interval)
Build info: version: '3.10.0', revision: '176b4a9', time: '2018-03-02T19:03:16.397Z'
System info: host: 'Auznali.LobbyWAP', ip: 'fe80:0:0:0:2acf:e9ff:fe50:9c01%en0', os.name: 'Mac OS X', os.arch: 'x86_64', os.version: '10.10.5', java.version: '1.8.0_161'
Driver info: org.openqa.selenium.firefox.FirefoxDriver
Capabilities {acceptInsecureCerts: true, browserName: firefox, browserVersion: 59.0, javascriptEnabled: true, moz:accessibilityChecks: false, moz:headless: false, moz:processID: 3395, moz:profile: /var/folders/k2/zqt4_dg1303..., moz:useNonSpecCompliantPointerOrigin: false, moz:webdriverClick: true, pageLoadStrategy: normal, platform: MAC, platformName: MAC, platformVersion: 14.5.0, rotatable: false, timeouts: {implicit: 0, pageLoad: 300000, script: 30000}}
Session ID: 44f54afb-a756-904e-b268-8232245310d0
	at TestsSignUpPage.EmailVerification.wSpacesUname(EmailVerification.java:101)
</failure>
  </testcase>
</testsuite>