<?xml version="1.0" encoding="UTF-8"?>
<testng-results skipped="1" failed="1" ignored="0" total="12" passed="10">
  <reporter-output>
  </reporter-output>
  <suite name="AutoContentVerification" duration-ms="11829" started-at="2018-03-17T23:56:42Z" finished-at="2018-03-17T23:56:53Z">
    <groups>
      <group name="ErrorMessages">
        <method signature="RequiredFields.birthDayEmpty()[pri:0, instance:TestsSignUpPage.RequiredFields@5a61f5df]" name="birthDayEmpty" class="TestsSignUpPage.RequiredFields"/>
        <method signature="RequiredFields.birthMonthEmpty()[pri:0, instance:TestsSignUpPage.RequiredFields@5a61f5df]" name="birthMonthEmpty" class="TestsSignUpPage.RequiredFields"/>
        <method signature="RequiredFields.birthYearEmpty()[pri:0, instance:TestsSignUpPage.RequiredFields@5a61f5df]" name="birthYearEmpty" class="TestsSignUpPage.RequiredFields"/>
        <method signature="RequiredFields.eMailEmpty()[pri:0, instance:TestsSignUpPage.RequiredFields@5a61f5df]" name="eMailEmpty" class="TestsSignUpPage.RequiredFields"/>
        <method signature="RequiredFields.firstNameEmpty()[pri:0, instance:TestsSignUpPage.RequiredFields@5a61f5df]" name="firstNameEmpty" class="TestsSignUpPage.RequiredFields"/>
        <method signature="RequiredFields.genderEmpty()[pri:0, instance:TestsSignUpPage.RequiredFields@5a61f5df]" name="genderEmpty" class="TestsSignUpPage.RequiredFields"/>
        <method signature="RequiredFields.lastNameEmpty()[pri:0, instance:TestsSignUpPage.RequiredFields@5a61f5df]" name="lastNameEmpty" class="TestsSignUpPage.RequiredFields"/>
        <method signature="RequiredFields.passAgainEmpty()[pri:0, instance:TestsSignUpPage.RequiredFields@5a61f5df]" name="passAgainEmpty" class="TestsSignUpPage.RequiredFields"/>
        <method signature="RequiredFields.passEmpty()[pri:0, instance:TestsSignUpPage.RequiredFields@5a61f5df]" name="passEmpty" class="TestsSignUpPage.RequiredFields"/>
      </group> <!-- ErrorMessages -->
    </groups>
    <test name="Sign up new user" duration-ms="11829" started-at="2018-03-17T23:56:42Z" finished-at="2018-03-17T23:56:53Z">
      <class name="extentReports.ExtentReportsClassVersion3">
        <test-method status="PASS" signature="startReport()[pri:0, instance:extentReports.ExtentReportsClassVersion3@3551a94]" name="startReport" is-config="true" duration-ms="157" started-at="2018-03-17T23:56:42Z" finished-at="2018-03-17T23:56:42Z">
          <reporter-output>
          </reporter-output>
        </test-method> <!-- startReport -->
        <test-method status="PASS" signature="beforeClass()[pri:0, instance:TestsSignUpPage.RequiredFields@5a61f5df]" name="beforeClass" is-config="true" duration-ms="6630" started-at="2018-03-17T23:56:42Z" finished-at="2018-03-17T23:56:48Z">
          <reporter-output>
          </reporter-output>
        </test-method> <!-- beforeClass -->
        <test-method status="PASS" signature="openDriver()[pri:0, instance:TestsSignUpPage.RequiredFields@5a61f5df]" name="openDriver" is-config="true" duration-ms="3200" started-at="2018-03-17T23:56:48Z" finished-at="2018-03-17T23:56:52Z">
          <reporter-output>
          </reporter-output>
        </test-method> <!-- openDriver -->
        <test-method status="FAIL" signature="failTest()[pri:0, instance:extentReports.ExtentReportsClassVersion3@3551a94]" name="failTest" duration-ms="5" started-at="2018-03-17T23:56:53Z" finished-at="2018-03-17T23:56:53Z">
          <exception class="java.lang.AssertionError">
            <message>
              <![CDATA[expected [true] but found [false]]]>
            </message>
            <full-stacktrace>
              <![CDATA[java.lang.AssertionError: expected [true] but found [false]
at org.testng.Assert.fail(Assert.java:96)
at org.testng.Assert.failNotEquals(Assert.java:776)
at org.testng.Assert.assertTrue(Assert.java:44)
at org.testng.Assert.assertTrue(Assert.java:54)
at extentReports.ExtentReportsClassVersion3.failTest(ExtentReportsClassVersion3.java:55)
at sun.reflect.NativeMethodAccessorImpl.invoke0(Native Method)
at sun.reflect.NativeMethodAccessorImpl.invoke(NativeMethodAccessorImpl.java:62)
at sun.reflect.DelegatingMethodAccessorImpl.invoke(DelegatingMethodAccessorImpl.java:43)
at java.lang.reflect.Method.invoke(Method.java:498)
at org.testng.internal.MethodInvocationHelper.invokeMethod(MethodInvocationHelper.java:124)
at org.testng.internal.Invoker.invokeMethod(Invoker.java:580)
at org.testng.internal.Invoker.invokeTestMethod(Invoker.java:716)
at org.testng.internal.Invoker.invokeTestMethods(Invoker.java:988)
at org.testng.internal.TestMethodWorker.invokeTestMethods(TestMethodWorker.java:125)
at org.testng.internal.TestMethodWorker.run(TestMethodWorker.java:109)
at org.testng.TestRunner.privateRun(TestRunner.java:648)
at org.testng.TestRunner.run(TestRunner.java:505)
at org.testng.SuiteRunner.runTest(SuiteRunner.java:455)
at org.testng.SuiteRunner.runSequentially(SuiteRunner.java:450)
at org.testng.SuiteRunner.privateRun(SuiteRunner.java:415)
at org.testng.SuiteRunner.run(SuiteRunner.java:364)
at org.testng.SuiteRunnerWorker.runSuite(SuiteRunnerWorker.java:52)
at org.testng.SuiteRunnerWorker.run(SuiteRunnerWorker.java:84)
at org.testng.TestNG.runSuitesSequentially(TestNG.java:1208)
at org.testng.TestNG.runSuitesLocally(TestNG.java:1137)
at org.testng.TestNG.runSuites(TestNG.java:1049)
at org.testng.TestNG.run(TestNG.java:1017)
at org.apache.maven.surefire.testng.TestNGExecutor.run(TestNGExecutor.java:283)
at org.apache.maven.surefire.testng.TestNGXmlTestSuite.execute(TestNGXmlTestSuite.java:75)
at org.apache.maven.surefire.testng.TestNGProvider.invoke(TestNGProvider.java:120)
at org.apache.maven.surefire.booter.ForkedBooter.invokeProviderInSameClassLoader(ForkedBooter.java:379)
at org.apache.maven.surefire.booter.ForkedBooter.runSuitesInProcess(ForkedBooter.java:340)
at org.apache.maven.surefire.booter.ForkedBooter.execute(ForkedBooter.java:125)
at org.apache.maven.surefire.booter.ForkedBooter.main(ForkedBooter.java:413)
]]>
            </full-stacktrace>
          </exception> <!-- java.lang.AssertionError -->
          <reporter-output>
          </reporter-output>
        </test-method> <!-- failTest -->
        <test-method status="PASS" signature="getResult(org.testng.ITestResult)[pri:0, instance:extentReports.ExtentReportsClassVersion3@3551a94]" name="getResult" is-config="true" duration-ms="13" started-at="2018-03-17T23:56:53Z" finished-at="2018-03-17T23:56:53Z">
          <params>
            <param index="0">
              <value>
                <![CDATA[[TestResult name=failTest status=FAILURE method=ExtentReportsClassVersion3.failTest()[pri:0, instance:extentReports.ExtentReportsClassVersion3@3551a94] output={null}]]]>
              </value>
            </param>
          </params>
          <reporter-output>
          </reporter-output>
        </test-method> <!-- getResult -->
        <test-method status="PASS" signature="passTest()[pri:0, instance:extentReports.ExtentReportsClassVersion3@3551a94]" name="passTest" duration-ms="1" started-at="2018-03-17T23:56:53Z" finished-at="2018-03-17T23:56:53Z">
          <reporter-output>
          </reporter-output>
        </test-method> <!-- passTest -->
        <test-method status="PASS" signature="getResult(org.testng.ITestResult)[pri:0, instance:extentReports.ExtentReportsClassVersion3@3551a94]" name="getResult" is-config="true" duration-ms="0" started-at="2018-03-17T23:56:53Z" finished-at="2018-03-17T23:56:53Z">
          <params>
            <param index="0">
              <value>
                <![CDATA[[TestResult name=passTest status=SUCCESS method=ExtentReportsClassVersion3.passTest()[pri:0, instance:extentReports.ExtentReportsClassVersion3@3551a94] output={null}]]]>
              </value>
            </param>
          </params>
          <reporter-output>
          </reporter-output>
        </test-method> <!-- getResult -->
        <test-method status="SKIP" signature="skipTest()[pri:0, instance:extentReports.ExtentReportsClassVersion3@3551a94]" name="skipTest" duration-ms="0" started-at="2018-03-17T23:56:53Z" finished-at="2018-03-17T23:56:53Z">
          <exception class="org.testng.SkipException">
            <message>
              <![CDATA[Skipping - This is not ready for testing ]]>
            </message>
            <full-stacktrace>
              <![CDATA[org.testng.SkipException: Skipping - This is not ready for testing 
at extentReports.ExtentReportsClassVersion3.skipTest(ExtentReportsClassVersion3.java:63)
at sun.reflect.NativeMethodAccessorImpl.invoke0(Native Method)
at sun.reflect.NativeMethodAccessorImpl.invoke(NativeMethodAccessorImpl.java:62)
at sun.reflect.DelegatingMethodAccessorImpl.invoke(DelegatingMethodAccessorImpl.java:43)
at java.lang.reflect.Method.invoke(Method.java:498)
at org.testng.internal.MethodInvocationHelper.invokeMethod(MethodInvocationHelper.java:124)
at org.testng.internal.Invoker.invokeMethod(Invoker.java:580)
at org.testng.internal.Invoker.invokeTestMethod(Invoker.java:716)
at org.testng.internal.Invoker.invokeTestMethods(Invoker.java:988)
at org.testng.internal.TestMethodWorker.invokeTestMethods(TestMethodWorker.java:125)
at org.testng.internal.TestMethodWorker.run(TestMethodWorker.java:109)
at org.testng.TestRunner.privateRun(TestRunner.java:648)
at org.testng.TestRunner.run(TestRunner.java:505)
at org.testng.SuiteRunner.runTest(SuiteRunner.java:455)
at org.testng.SuiteRunner.runSequentially(SuiteRunner.java:450)
at org.testng.SuiteRunner.privateRun(SuiteRunner.java:415)
at org.testng.SuiteRunner.run(SuiteRunner.java:364)
at org.testng.SuiteRunnerWorker.runSuite(SuiteRunnerWorker.java:52)
at org.testng.SuiteRunnerWorker.run(SuiteRunnerWorker.java:84)
at org.testng.TestNG.runSuitesSequentially(TestNG.java:1208)
at org.testng.TestNG.runSuitesLocally(TestNG.java:1137)
at org.testng.TestNG.runSuites(TestNG.java:1049)
at org.testng.TestNG.run(TestNG.java:1017)
at org.apache.maven.surefire.testng.TestNGExecutor.run(TestNGExecutor.java:283)
at org.apache.maven.surefire.testng.TestNGXmlTestSuite.execute(TestNGXmlTestSuite.java:75)
at org.apache.maven.surefire.testng.TestNGProvider.invoke(TestNGProvider.java:120)
at org.apache.maven.surefire.booter.ForkedBooter.invokeProviderInSameClassLoader(ForkedBooter.java:379)
at org.apache.maven.surefire.booter.ForkedBooter.runSuitesInProcess(ForkedBooter.java:340)
at org.apache.maven.surefire.booter.ForkedBooter.execute(ForkedBooter.java:125)
at org.apache.maven.surefire.booter.ForkedBooter.main(ForkedBooter.java:413)
]]>
            </full-stacktrace>
          </exception> <!-- org.testng.SkipException -->
          <reporter-output>
          </reporter-output>
        </test-method> <!-- skipTest -->
        <test-method status="PASS" signature="getResult(org.testng.ITestResult)[pri:0, instance:extentReports.ExtentReportsClassVersion3@3551a94]" name="getResult" is-config="true" duration-ms="1" started-at="2018-03-17T23:56:53Z" finished-at="2018-03-17T23:56:53Z">
          <params>
            <param index="0">
              <value>
                <![CDATA[[TestResult name=skipTest status=SKIP method=ExtentReportsClassVersion3.skipTest()[pri:0, instance:extentReports.ExtentReportsClassVersion3@3551a94] output={null}]]]>
              </value>
            </param>
          </params>
          <reporter-output>
          </reporter-output>
        </test-method> <!-- getResult -->
        <test-method status="PASS" signature="endReport()[pri:0, instance:extentReports.ExtentReportsClassVersion3@3551a94]" name="endReport" is-config="true" duration-ms="585" started-at="2018-03-17T23:56:53Z" finished-at="2018-03-17T23:56:53Z">
          <reporter-output>
          </reporter-output>
        </test-method> <!-- endReport -->
      </class> <!-- extentReports.ExtentReportsClassVersion3 -->
      <class name="TestsSignUpPage.RequiredFields">
        <test-method status="PASS" signature="setup()[pri:0, instance:TestsSignUpPage.RequiredFields@5a61f5df]" name="setup" is-config="true" duration-ms="36" started-at="2018-03-17T23:56:42Z" finished-at="2018-03-17T23:56:42Z">
          <reporter-output>
          </reporter-output>
        </test-method> <!-- setup -->
        <test-method status="PASS" signature="birthDayEmpty()[pri:0, instance:TestsSignUpPage.RequiredFields@5a61f5df]" name="birthDayEmpty" duration-ms="125" started-at="2018-03-17T23:56:52Z" finished-at="2018-03-17T23:56:52Z">
          <reporter-output>
          </reporter-output>
        </test-method> <!-- birthDayEmpty -->
        <test-method status="PASS" signature="birthMonthEmpty()[pri:0, instance:TestsSignUpPage.RequiredFields@5a61f5df]" name="birthMonthEmpty" duration-ms="127" started-at="2018-03-17T23:56:52Z" finished-at="2018-03-17T23:56:52Z">
          <reporter-output>
          </reporter-output>
        </test-method> <!-- birthMonthEmpty -->
        <test-method status="PASS" signature="birthYearEmpty()[pri:0, instance:TestsSignUpPage.RequiredFields@5a61f5df]" name="birthYearEmpty" duration-ms="108" started-at="2018-03-17T23:56:52Z" finished-at="2018-03-17T23:56:52Z">
          <reporter-output>
          </reporter-output>
        </test-method> <!-- birthYearEmpty -->
        <test-method status="PASS" signature="eMailEmpty()[pri:0, instance:TestsSignUpPage.RequiredFields@5a61f5df]" name="eMailEmpty" duration-ms="236" started-at="2018-03-17T23:56:52Z" finished-at="2018-03-17T23:56:52Z">
          <reporter-output>
          </reporter-output>
        </test-method> <!-- eMailEmpty -->
        <test-method status="PASS" signature="firstNameEmpty()[pri:0, instance:TestsSignUpPage.RequiredFields@5a61f5df]" name="firstNameEmpty" duration-ms="140" started-at="2018-03-17T23:56:52Z" finished-at="2018-03-17T23:56:52Z">
          <reporter-output>
          </reporter-output>
        </test-method> <!-- firstNameEmpty -->
        <test-method status="PASS" signature="genderEmpty()[pri:0, instance:TestsSignUpPage.RequiredFields@5a61f5df]" name="genderEmpty" duration-ms="137" started-at="2018-03-17T23:56:52Z" finished-at="2018-03-17T23:56:52Z">
          <reporter-output>
          </reporter-output>
        </test-method> <!-- genderEmpty -->
        <test-method status="PASS" signature="lastNameEmpty()[pri:0, instance:TestsSignUpPage.RequiredFields@5a61f5df]" name="lastNameEmpty" duration-ms="118" started-at="2018-03-17T23:56:52Z" finished-at="2018-03-17T23:56:53Z">
          <reporter-output>
          </reporter-output>
        </test-method> <!-- lastNameEmpty -->
        <test-method status="PASS" signature="passAgainEmpty()[pri:0, instance:TestsSignUpPage.RequiredFields@5a61f5df]" name="passAgainEmpty" duration-ms="104" started-at="2018-03-17T23:56:53Z" finished-at="2018-03-17T23:56:53Z">
          <reporter-output>
          </reporter-output>
        </test-method> <!-- passAgainEmpty -->
        <test-method status="PASS" signature="passEmpty()[pri:0, instance:TestsSignUpPage.RequiredFields@5a61f5df]" name="passEmpty" duration-ms="95" started-at="2018-03-17T23:56:53Z" finished-at="2018-03-17T23:56:53Z">
          <reporter-output>
          </reporter-output>
        </test-method> <!-- passEmpty -->
      </class> <!-- TestsSignUpPage.RequiredFields -->
    </test> <!-- Sign up new user -->
  </suite> <!-- AutoContentVerification -->
</testng-results>
